<?xml version="1.0" encoding="UTF-8"?>
<testsuite xmlns:xsi="http://www.w3.org/2001/XMLSchema-instance" xsi:noNamespaceSchemaLocation="https://maven.apache.org/surefire/maven-surefire-plugin/xsd/surefire-test-report-3.0.xsd" version="3.0" name="com.baeldung.apache.velocity.servlet.LayoutServletLiveTest" time="0.012" tests="1" errors="0" skipped="1" failures="0">
  <properties>
    <property name="sun.desktop" value="gnome"/>
    <property name="awt.toolkit" value="sun.awt.X11.XToolkit"/>
    <property name="file.encoding.pkg" value="sun.io"/>
    <property name="java.specification.version" value="1.8"/>
    <property name="sun.cpu.isalist" value=""/>
    <property name="sun.jnu.encoding" value="UTF-8"/>
    <property name="java.class.path" value="/home/oswaldo/source/test/java/apache-velocity/target/test-classes:/home/oswaldo/source/test/java/apache-velocity/target/classes:/home/oswaldo/.m2/repository/org/slf4j/slf4j-api/2.0.12/slf4j-api-2.0.12.jar:/home/oswaldo/.m2/repository/junit/junit/4.4/junit-4.4.jar:/home/oswaldo/.m2/repository/org/hibernate/hibernate-core/5.6.15.Final/hibernate-core-5.6.15.Final.jar:/home/oswaldo/.m2/repository/org/jboss/logging/jboss-logging/3.4.3.Final/jboss-logging-3.4.3.Final.jar:/home/oswaldo/.m2/repository/javax/persistence/javax.persistence-api/2.2/javax.persistence-api-2.2.jar:/home/oswaldo/.m2/repository/net/bytebuddy/byte-buddy/1.12.18/byte-buddy-1.12.18.jar:/home/oswaldo/.m2/repository/antlr/antlr/2.7.7/antlr-2.7.7.jar:/home/oswaldo/.m2/repository/org/jboss/spec/javax/transaction/jboss-transaction-api_1.2_spec/1.1.1.Final/jboss-transaction-api_1.2_spec-1.1.1.Final.jar:/home/oswaldo/.m2/repository/org/jboss/jandex/2.4.2.Final/jandex-2.4.2.Final.jar:/home/oswaldo/.m2/repository/com/fasterxml/classmate/1.5.1/classmate-1.5.1.jar:/home/oswaldo/.m2/repository/javax/activation/javax.activation-api/1.2.0/javax.activation-api-1.2.0.jar:/home/oswaldo/.m2/repository/org/hibernate/common/hibernate-commons-annotations/5.1.2.Final/hibernate-commons-annotations-5.1.2.Final.jar:/home/oswaldo/.m2/repository/javax/xml/bind/jaxb-api/2.3.1/jaxb-api-2.3.1.jar:/home/oswaldo/.m2/repository/org/glassfish/jaxb/jaxb-runtime/2.3.1/jaxb-runtime-2.3.1.jar:/home/oswaldo/.m2/repository/org/glassfish/jaxb/txw2/2.3.1/txw2-2.3.1.jar:/home/oswaldo/.m2/repository/com/sun/istack/istack-commons-runtime/3.0.7/istack-commons-runtime-3.0.7.jar:/home/oswaldo/.m2/repository/org/jvnet/staxex/stax-ex/1.8/stax-ex-1.8.jar:/home/oswaldo/.m2/repository/com/sun/xml/fastinfoset/FastInfoset/1.2.15/FastInfoset-1.2.15.jar:/home/oswaldo/.m2/repository/com/mysql/mysql-connector-j/8.0.31/mysql-connector-j-8.0.31.jar:/home/oswaldo/.m2/repository/com/google/protobuf/protobuf-java/3.19.4/protobuf-java-3.19.4.jar:/home/oswaldo/.m2/repository/org/javassist/javassist/3.18.0-GA/javassist-3.18.0-GA.jar:/home/oswaldo/.m2/repository/org/projectlombok/lombok/1.18.6/lombok-1.18.6.jar:/home/oswaldo/.m2/repository/javax/javaee-api/7.0/javaee-api-7.0.jar:/home/oswaldo/.m2/repository/com/sun/mail/javax.mail/1.5.0/javax.mail-1.5.0.jar:/home/oswaldo/.m2/repository/javax/activation/activation/1.1/activation-1.1.jar:/home/oswaldo/.m2/repository/org/apache/velocity/velocity/1.7/velocity-1.7.jar:/home/oswaldo/.m2/repository/commons-collections/commons-collections/3.2.1/commons-collections-3.2.1.jar:/home/oswaldo/.m2/repository/commons-lang/commons-lang/2.4/commons-lang-2.4.jar:/home/oswaldo/.m2/repository/org/apache/velocity/velocity-tools/2.0/velocity-tools-2.0.jar:/home/oswaldo/.m2/repository/commons-beanutils/commons-beanutils/1.7.0/commons-beanutils-1.7.0.jar:/home/oswaldo/.m2/repository/commons-digester/commons-digester/1.8/commons-digester-1.8.jar:/home/oswaldo/.m2/repository/commons-chain/commons-chain/1.1/commons-chain-1.1.jar:/home/oswaldo/.m2/repository/commons-logging/commons-logging/1.1/commons-logging-1.1.jar:/home/oswaldo/.m2/repository/javax/servlet/servlet-api/2.3/servlet-api-2.3.jar:/home/oswaldo/.m2/repository/commons-validator/commons-validator/1.3.1/commons-validator-1.3.1.jar:/home/oswaldo/.m2/repository/dom4j/dom4j/1.1/dom4j-1.1.jar:/home/oswaldo/.m2/repository/oro/oro/2.0.8/oro-2.0.8.jar:/home/oswaldo/.m2/repository/sslext/sslext/1.2-0/sslext-1.2-0.jar:/home/oswaldo/.m2/repository/org/apache/struts/struts-core/1.3.8/struts-core-1.3.8.jar:/home/oswaldo/.m2/repository/org/apache/struts/struts-taglib/1.3.8/struts-taglib-1.3.8.jar:/home/oswaldo/.m2/repository/org/apache/struts/struts-tiles/1.3.8/struts-tiles-1.3.8.jar:/home/oswaldo/.m2/repository/org/apache/httpcomponents/httpclient/4.5.13/httpclient-4.5.13.jar:/home/oswaldo/.m2/repository/org/apache/httpcomponents/httpcore/4.4.13/httpcore-4.4.13.jar:/home/oswaldo/.m2/repository/commons-codec/commons-codec/1.11/commons-codec-1.11.jar:"/>
    <property name="java.vm.vendor" value="Amazon.com Inc."/>
    <property name="sun.arch.data.model" value="64"/>
    <property name="java.vendor.url" value="https://aws.amazon.com/corretto/"/>
    <property name="user.timezone" value=""/>
    <property name="java.vm.specification.version" value="1.8"/>
    <property name="os.name" value="Linux"/>
    <property name="user.country" value="ES"/>
    <property name="sun.java.launcher" value="SUN_STANDARD"/>
    <property name="sun.boot.library.path" value="/home/oswaldo/.jdks/corretto-1.8.0_402/jre/lib/amd64"/>
    <property name="sun.java.command" value="/home/oswaldo/source/test/java/apache-velocity/target/surefire/surefirebooter-20240214220027058_3.jar /home/oswaldo/source/test/java/apache-velocity/target/surefire 2024-02-14T22-00-27_012-jvmRun1 surefire-20240214220027058_1tmp surefire_0-20240214220027058_2tmp"/>
    <property name="surefire.test.class.path" value="/home/oswaldo/source/test/java/apache-velocity/target/test-classes:/home/oswaldo/source/test/java/apache-velocity/target/classes:/home/oswaldo/.m2/repository/org/slf4j/slf4j-api/2.0.12/slf4j-api-2.0.12.jar:/home/oswaldo/.m2/repository/junit/junit/4.4/junit-4.4.jar:/home/oswaldo/.m2/repository/org/hibernate/hibernate-core/5.6.15.Final/hibernate-core-5.6.15.Final.jar:/home/oswaldo/.m2/repository/org/jboss/logging/jboss-logging/3.4.3.Final/jboss-logging-3.4.3.Final.jar:/home/oswaldo/.m2/repository/javax/persistence/javax.persistence-api/2.2/javax.persistence-api-2.2.jar:/home/oswaldo/.m2/repository/net/bytebuddy/byte-buddy/1.12.18/byte-buddy-1.12.18.jar:/home/oswaldo/.m2/repository/antlr/antlr/2.7.7/antlr-2.7.7.jar:/home/oswaldo/.m2/repository/org/jboss/spec/javax/transaction/jboss-transaction-api_1.2_spec/1.1.1.Final/jboss-transaction-api_1.2_spec-1.1.1.Final.jar:/home/oswaldo/.m2/repository/org/jboss/jandex/2.4.2.Final/jandex-2.4.2.Final.jar:/home/oswaldo/.m2/repository/com/fasterxml/classmate/1.5.1/classmate-1.5.1.jar:/home/oswaldo/.m2/repository/javax/activation/javax.activation-api/1.2.0/javax.activation-api-1.2.0.jar:/home/oswaldo/.m2/repository/org/hibernate/common/hibernate-commons-annotations/5.1.2.Final/hibernate-commons-annotations-5.1.2.Final.jar:/home/oswaldo/.m2/repository/javax/xml/bind/jaxb-api/2.3.1/jaxb-api-2.3.1.jar:/home/oswaldo/.m2/repository/org/glassfish/jaxb/jaxb-runtime/2.3.1/jaxb-runtime-2.3.1.jar:/home/oswaldo/.m2/repository/org/glassfish/jaxb/txw2/2.3.1/txw2-2.3.1.jar:/home/oswaldo/.m2/repository/com/sun/istack/istack-commons-runtime/3.0.7/istack-commons-runtime-3.0.7.jar:/home/oswaldo/.m2/repository/org/jvnet/staxex/stax-ex/1.8/stax-ex-1.8.jar:/home/oswaldo/.m2/repository/com/sun/xml/fastinfoset/FastInfoset/1.2.15/FastInfoset-1.2.15.jar:/home/oswaldo/.m2/repository/com/mysql/mysql-connector-j/8.0.31/mysql-connector-j-8.0.31.jar:/home/oswaldo/.m2/repository/com/google/protobuf/protobuf-java/3.19.4/protobuf-java-3.19.4.jar:/home/oswaldo/.m2/repository/org/javassist/javassist/3.18.0-GA/javassist-3.18.0-GA.jar:/home/oswaldo/.m2/repository/org/projectlombok/lombok/1.18.6/lombok-1.18.6.jar:/home/oswaldo/.m2/repository/javax/javaee-api/7.0/javaee-api-7.0.jar:/home/oswaldo/.m2/repository/com/sun/mail/javax.mail/1.5.0/javax.mail-1.5.0.jar:/home/oswaldo/.m2/repository/javax/activation/activation/1.1/activation-1.1.jar:/home/oswaldo/.m2/repository/org/apache/velocity/velocity/1.7/velocity-1.7.jar:/home/oswaldo/.m2/repository/commons-collections/commons-collections/3.2.1/commons-collections-3.2.1.jar:/home/oswaldo/.m2/repository/commons-lang/commons-lang/2.4/commons-lang-2.4.jar:/home/oswaldo/.m2/repository/org/apache/velocity/velocity-tools/2.0/velocity-tools-2.0.jar:/home/oswaldo/.m2/repository/commons-beanutils/commons-beanutils/1.7.0/commons-beanutils-1.7.0.jar:/home/oswaldo/.m2/repository/commons-digester/commons-digester/1.8/commons-digester-1.8.jar:/home/oswaldo/.m2/repository/commons-chain/commons-chain/1.1/commons-chain-1.1.jar:/home/oswaldo/.m2/repository/commons-logging/commons-logging/1.1/commons-logging-1.1.jar:/home/oswaldo/.m2/repository/javax/servlet/servlet-api/2.3/servlet-api-2.3.jar:/home/oswaldo/.m2/repository/commons-validator/commons-validator/1.3.1/commons-validator-1.3.1.jar:/home/oswaldo/.m2/repository/dom4j/dom4j/1.1/dom4j-1.1.jar:/home/oswaldo/.m2/repository/oro/oro/2.0.8/oro-2.0.8.jar:/home/oswaldo/.m2/repository/sslext/sslext/1.2-0/sslext-1.2-0.jar:/home/oswaldo/.m2/repository/org/apache/struts/struts-core/1.3.8/struts-core-1.3.8.jar:/home/oswaldo/.m2/repository/org/apache/struts/struts-taglib/1.3.8/struts-taglib-1.3.8.jar:/home/oswaldo/.m2/repository/org/apache/struts/struts-tiles/1.3.8/struts-tiles-1.3.8.jar:/home/oswaldo/.m2/repository/org/apache/httpcomponents/httpclient/4.5.13/httpclient-4.5.13.jar:/home/oswaldo/.m2/repository/org/apache/httpcomponents/httpcore/4.4.13/httpcore-4.4.13.jar:/home/oswaldo/.m2/repository/commons-codec/commons-codec/1.11/commons-codec-1.11.jar:"/>
    <property name="sun.cpu.endian" value="little"/>
    <property name="user.home" value="/home/oswaldo"/>
    <property name="user.language" value="es"/>
    <property name="java.specification.vendor" value="Oracle Corporation"/>
    <property name="java.home" value="/home/oswaldo/.jdks/corretto-1.8.0_402/jre"/>
    <property name="basedir" value="/home/oswaldo/source/test/java/apache-velocity"/>
    <property name="file.separator" value="/"/>
    <property name="line.separator" value="&#10;"/>
    <property name="java.vm.specification.vendor" value="Oracle Corporation"/>
    <property name="java.specification.name" value="Java Platform API Specification"/>
    <property name="java.awt.graphicsenv" value="sun.awt.X11GraphicsEnvironment"/>
    <property name="surefire.real.class.path" value="/home/oswaldo/source/test/java/apache-velocity/target/surefire/surefirebooter-20240214220027058_3.jar"/>
    <property name="sun.boot.class.path" value="/home/oswaldo/.jdks/corretto-1.8.0_402/jre/lib/resources.jar:/home/oswaldo/.jdks/corretto-1.8.0_402/jre/lib/rt.jar:/home/oswaldo/.jdks/corretto-1.8.0_402/jre/lib/sunrsasign.jar:/home/oswaldo/.jdks/corretto-1.8.0_402/jre/lib/jsse.jar:/home/oswaldo/.jdks/corretto-1.8.0_402/jre/lib/jce.jar:/home/oswaldo/.jdks/corretto-1.8.0_402/jre/lib/charsets.jar:/home/oswaldo/.jdks/corretto-1.8.0_402/jre/lib/jfr.jar:/home/oswaldo/.jdks/corretto-1.8.0_402/jre/classes"/>
    <property name="sun.management.compiler" value="HotSpot 64-Bit Tiered Compilers"/>
    <property name="java.runtime.version" value="1.8.0_402-b08"/>
    <property name="user.name" value="oswaldo"/>
    <property name="path.separator" value=":"/>
    <property name="os.version" value="6.5.0-15-generic"/>
    <property name="java.endorsed.dirs" value="/home/oswaldo/.jdks/corretto-1.8.0_402/jre/lib/endorsed"/>
    <property name="java.runtime.name" value="OpenJDK Runtime Environment"/>
    <property name="file.encoding" value="UTF-8"/>
    <property name="java.vm.name" value="OpenJDK 64-Bit Server VM"/>
    <property name="localRepository" value="/home/oswaldo/.m2/repository"/>
    <property name="java.vendor.url.bug" value="https://github.com/corretto/corretto-8/issues/"/>
    <property name="java.io.tmpdir" value="/tmp"/>
    <property name="idea.version" value="2023.3.4"/>
    <property name="java.version" value="1.8.0_402"/>
    <property name="user.dir" value="/home/oswaldo/source/test/java/apache-velocity"/>
    <property name="os.arch" value="amd64"/>
    <property name="java.vm.specification.name" value="Java Virtual Machine Specification"/>
    <property name="java.awt.printerjob" value="sun.print.PSPrinterJob"/>
    <property name="sun.os.patch.level" value="unknown"/>
    <property name="java.library.path" value="/usr/java/packages/lib/amd64:/usr/lib64:/lib64:/lib:/usr/lib"/>
    <property name="java.vm.info" value="mixed mode"/>
    <property name="java.vendor" value="Amazon.com Inc."/>
    <property name="java.vm.version" value="25.402-b08"/>
    <property name="java.specification.maintenance.version" value="5"/>
    <property name="java.ext.dirs" value="/home/oswaldo/.jdks/corretto-1.8.0_402/jre/lib/ext:/usr/java/packages/lib/ext"/>
    <property name="sun.io.unicode.encoding" value="UnicodeLittle"/>
    <property name="java.class.version" value="52.0"/>
  </properties>
  <testcase name="whenRequestUsingHttpClient_thenCorrectResponse" classname="com.baeldung.apache.velocity.servlet.LayoutServletLiveTest" time="0.0">
    <skipped/>
  </testcase>
</testsuite>